###############################################################################
#                                                                             #
# IAR C/C++ Compiler V8.10.3.10338/W32 for 8051         01/Dec/2017  15:29:23 #
# Copyright 2004-2011 IAR Systems AB.                                         #
#                                                                             #
#    Core               =  plain                                              #
#    Code model         =  banked                                             #
#    Data model         =  large                                              #
#    Calling convention =  xdata reentrant                                    #
#    Constant location  =  data_rom                                           #
#    Dptr setup         =  1,16                                               #
#    Source file        =  C:\Users\John\Desktop\Try_zigbee\ZStack-CC2530-2.3 #
#                          .0-1.4.0\Components\hal\target\CC2530EB\hal_track. #
#                          c                                                  #
#    Command line       =  -f C:\Users\John\Desktop\Try_zigbee\ZStack-CC2530- #
#                          2.3.0-1.4.0\Projects\zstack\Samples\SampleApp\CC25 #
#                          30DB\..\..\..\Tools\CC2530DB\f8wEndev.cfg          #
#                          (-DCPU32MHZ -DROOT=__near_func -DBLINK_LEDS) -f    #
#                          C:\Users\John\Desktop\Try_zigbee\ZStack-CC2530-2.3 #
#                          .0-1.4.0\Projects\zstack\Samples\SampleApp\CC2530D #
#                          B\..\..\..\Tools\CC2530DB\f8wConfig.cfg            #
#                          (-DSECURE=0 -DZG_SECURE_DYNAMIC=0 -DREFLECTOR      #
#                          -DDEFAULT_CHANLIST=0x00000800                      #
#                          -DZDAPP_CONFIG_PAN_ID=0xFFF1                       #
#                          -DNWK_START_DELAY=100 -DEXTENDED_JOINING_RANDOM_MA #
#                          SK=0x007F -DBEACON_REQUEST_DELAY=100               #
#                          -DBEACON_REQ_DELAY_MASK=0x00FF                     #
#                          -DROUTE_EXPIRY_TIME=30 -DAPSC_ACK_WAIT_DURATION_PO #
#                          LLED=3000 -DNWK_INDIRECT_MSG_TIMEOUT=7             #
#                          -DMAX_RREQ_ENTRIES=8 -DAPSC_MAX_FRAME_RETRIES=3    #
#                          -DNWK_MAX_DATA_RETRIES=2                           #
#                          -DMAX_POLL_FAILURE_RETRIES=2 -DMAX_BCAST=9         #
#                          -DAPS_MAX_GROUPS=16 -DMAX_RTG_ENTRIES=40           #
#                          -DNWK_MAX_BINDING_ENTRIES=4                        #
#                          -DMAX_BINDING_CLUSTER_IDS=4 "-DDEFAULT_KEY={0x01,  #
#                          0x03, 0x05, 0x07, 0x09, 0x0B, 0x0D, 0x0F, 0x00,    #
#                          0x02, 0x04, 0x06, 0x08, 0x0A, 0x0C, 0x0D}"         #
#                          -DMAC_MAX_FRAME_SIZE=116 "-DCONST=const __code"    #
#                          -DGENERIC=__generic -DRFD_RCVC_ALWAYS_ON=FALSE     #
#                          -DPOLL_RATE=1000 -DQUEUED_POLL_RATE=100            #
#                          -DRESPONSE_POLL_RATE=100) -DREJOIN_POLL_RATE=440   #
#                          C:\Users\John\Desktop\Try_zigbee\ZStack-CC2530-2.3 #
#                          .0-1.4.0\Components\hal\target\CC2530EB\hal_track. #
#                          c -D ZIGBEEPRO -D NWK_AUTO_POLL -D ZTOOL_P1 -D     #
#                          xMT_TASK -D xMT_SYS_FUNC -D xMT_ZDO_FUNC -D        #
#                          LCD_SUPPORTED=DEBUG -lC C:\Users\John\Desktop\Try_ #
#                          zigbee\ZStack-CC2530-2.3.0-1.4.0\Projects\zstack\S #
#                          amples\SampleApp\CC2530DB\EndDeviceEB-Pro\List\    #
#                          -lA C:\Users\John\Desktop\Try_zigbee\ZStack-CC2530 #
#                          -2.3.0-1.4.0\Projects\zstack\Samples\SampleApp\CC2 #
#                          530DB\EndDeviceEB-Pro\List\ --diag_suppress        #
#                          Pe001,Pa010 -o C:\Users\John\Desktop\Try_zigbee\ZS #
#                          tack-CC2530-2.3.0-1.4.0\Projects\zstack\Samples\Sa #
#                          mpleApp\CC2530DB\EndDeviceEB-Pro\Obj\ -e --debug   #
#                          --core=plain --dptr=16,1 --data_model=large        #
#                          --code_model=banked --calling_convention=xdata_ree #
#                          ntrant --place_constants=data_rom                  #
#                          --nr_virtual_regs 16 -I C:\Users\John\Desktop\Try_ #
#                          zigbee\ZStack-CC2530-2.3.0-1.4.0\Projects\zstack\S #
#                          amples\SampleApp\CC2530DB\ -I                      #
#                          C:\Users\John\Desktop\Try_zigbee\ZStack-CC2530-2.3 #
#                          .0-1.4.0\Projects\zstack\Samples\SampleApp\CC2530D #
#                          B\..\SOURCE\ -I C:\Users\John\Desktop\Try_zigbee\Z #
#                          Stack-CC2530-2.3.0-1.4.0\Projects\zstack\Samples\S #
#                          ampleApp\CC2530DB\..\..\..\ZMAIN\TI2530DB\ -I      #
#                          C:\Users\John\Desktop\Try_zigbee\ZStack-CC2530-2.3 #
#                          .0-1.4.0\Projects\zstack\Samples\SampleApp\CC2530D #
#                          B\..\..\..\..\..\COMPONENTS\MT\ -I                 #
#                          C:\Users\John\Desktop\Try_zigbee\ZStack-CC2530-2.3 #
#                          .0-1.4.0\Projects\zstack\Samples\SampleApp\CC2530D #
#                          B\..\..\..\..\..\COMPONENTS\HAL\INCLUDE\ -I        #
#                          C:\Users\John\Desktop\Try_zigbee\ZStack-CC2530-2.3 #
#                          .0-1.4.0\Projects\zstack\Samples\SampleApp\CC2530D #
#                          B\..\..\..\..\..\COMPONENTS\HAL\TARGET\CC2530EB\   #
#                          -I C:\Users\John\Desktop\Try_zigbee\ZStack-CC2530- #
#                          2.3.0-1.4.0\Projects\zstack\Samples\SampleApp\CC25 #
#                          30DB\..\..\..\..\..\COMPONENTS\OSAL\MCU\CCSOC\ -I  #
#                          C:\Users\John\Desktop\Try_zigbee\ZStack-CC2530-2.3 #
#                          .0-1.4.0\Projects\zstack\Samples\SampleApp\CC2530D #
#                          B\..\..\..\..\..\COMPONENTS\OSAL\INCLUDE\ -I       #
#                          C:\Users\John\Desktop\Try_zigbee\ZStack-CC2530-2.3 #
#                          .0-1.4.0\Projects\zstack\Samples\SampleApp\CC2530D #
#                          B\..\..\..\..\..\COMPONENTS\STACK\AF\ -I           #
#                          C:\Users\John\Desktop\Try_zigbee\ZStack-CC2530-2.3 #
#                          .0-1.4.0\Projects\zstack\Samples\SampleApp\CC2530D #
#                          B\..\..\..\..\..\COMPONENTS\STACK\NWK\ -I          #
#                          C:\Users\John\Desktop\Try_zigbee\ZStack-CC2530-2.3 #
#                          .0-1.4.0\Projects\zstack\Samples\SampleApp\CC2530D #
#                          B\..\..\..\..\..\COMPONENTS\STACK\SEC\ -I          #
#                          C:\Users\John\Desktop\Try_zigbee\ZStack-CC2530-2.3 #
#                          .0-1.4.0\Projects\zstack\Samples\SampleApp\CC2530D #
#                          B\..\..\..\..\..\COMPONENTS\STACK\SAPI\ -I         #
#                          C:\Users\John\Desktop\Try_zigbee\ZStack-CC2530-2.3 #
#                          .0-1.4.0\Projects\zstack\Samples\SampleApp\CC2530D #
#                          B\..\..\..\..\..\COMPONENTS\STACK\SYS\ -I          #
#                          C:\Users\John\Desktop\Try_zigbee\ZStack-CC2530-2.3 #
#                          .0-1.4.0\Projects\zstack\Samples\SampleApp\CC2530D #
#                          B\..\..\..\..\..\COMPONENTS\STACK\ZDO\ -I          #
#                          C:\Users\John\Desktop\Try_zigbee\ZStack-CC2530-2.3 #
#                          .0-1.4.0\Projects\zstack\Samples\SampleApp\CC2530D #
#                          B\..\..\..\..\..\COMPONENTS\ZMAC\F8W\ -I           #
#                          C:\Users\John\Desktop\Try_zigbee\ZStack-CC2530-2.3 #
#                          .0-1.4.0\Projects\zstack\Samples\SampleApp\CC2530D #
#                          B\..\..\..\..\..\COMPONENTS\ZMAC\ -I               #
#                          C:\Users\John\Desktop\Try_zigbee\ZStack-CC2530-2.3 #
#                          .0-1.4.0\Projects\zstack\Samples\SampleApp\CC2530D #
#                          B\..\..\..\..\..\COMPONENTS\SERVICES\SADDR\ -I     #
#                          C:\Users\John\Desktop\Try_zigbee\ZStack-CC2530-2.3 #
#                          .0-1.4.0\Projects\zstack\Samples\SampleApp\CC2530D #
#                          B\..\..\..\..\..\COMPONENTS\SERVICES\SDATA\ -I     #
#                          C:\Users\John\Desktop\Try_zigbee\ZStack-CC2530-2.3 #
#                          .0-1.4.0\Projects\zstack\Samples\SampleApp\CC2530D #
#                          B\..\..\..\..\..\COMPONENTS\MAC\INCLUDE\ -I        #
#                          C:\Users\John\Desktop\Try_zigbee\ZStack-CC2530-2.3 #
#                          .0-1.4.0\Projects\zstack\Samples\SampleApp\CC2530D #
#                          B\..\..\..\..\..\COMPONENTS\MAC\HIGH_LEVEL\ -I     #
#                          C:\Users\John\Desktop\Try_zigbee\ZStack-CC2530-2.3 #
#                          .0-1.4.0\Projects\zstack\Samples\SampleApp\CC2530D #
#                          B\..\..\..\..\..\COMPONENTS\MAC\LOW_LEVEL\srf04\   #
#                          -I C:\Users\John\Desktop\Try_zigbee\ZStack-CC2530- #
#                          2.3.0-1.4.0\Projects\zstack\Samples\SampleApp\CC25 #
#                          30DB\..\..\..\..\..\COMPONENTS\MAC\LOW_LEVEL\srf04 #
#                          \SINGLE_CHIP\ -Ohz --require_prototypes            #
#    List file          =  C:\Users\John\Desktop\Try_zigbee\ZStack-CC2530-2.3 #
#                          .0-1.4.0\Projects\zstack\Samples\SampleApp\CC2530D #
#                          B\EndDeviceEB-Pro\List\hal_track.lst               #
#    Object file        =  C:\Users\John\Desktop\Try_zigbee\ZStack-CC2530-2.3 #
#                          .0-1.4.0\Projects\zstack\Samples\SampleApp\CC2530D #
#                          B\EndDeviceEB-Pro\Obj\hal_track.r51                #
#                                                                             #
#                                                                             #
###############################################################################

C:\Users\John\Desktop\Try_zigbee\ZStack-CC2530-2.3.0-1.4.0\Components\hal\target\CC2530EB\hal_track.c
      1          #include  "hal_types.h"
      2          #include  "hal_track.h"

   \                                 In  segment SFR_AN, at 0xf3
   \   unsigned char volatile __sfr P0SEL
   \                     P0SEL:
   \   000000                DS 1

   \                                 In  segment SFR_AN, at 0xfd
   \   unsigned char volatile __sfr P0DIR
   \                     P0DIR:
   \   000000                DS 1
      3          #include  "hal_mcu.h"
      4          

   \                                 In  segment BANKED_CODE, align 1, keep-with-next
      5          void hal_track_configure ( void )
   \                     hal_track_configure:
      6          {
   \   000000                ; Saved register size: 0
   \   000000                ; Auto size: 0
      7            P0SEL &= ~0x02;               //P0.0,P0.1
   \   000000   53F3FD       ANL     0xf3,#0xfd
      8            P0DIR |= 0x02;
   \   000003   43FD02       ORL     0xfd,#0x2
      9          }
   \   000006   02....       LJMP    ?BRET
   \   000009                REQUIRE P0SEL
   \   000009                REQUIRE P0DIR

   \                                 In  segment BANK_RELAYS, align 1
   \                     ??hal_track_configure?relay:
   \   000000   12....       LCALL   ?BDISPATCH
   \   000003   ......       DC24    hal_track_configure

   Maximum stack usage in bytes:

     Function            ISTACK PSTACK XSTACK
     --------            ------ ------ ------
     hal_track_configure     0      0      0


   Segment part sizes:

     Function/Label              Bytes
     --------------              -----
     P0SEL                          1
     P0DIR                          1
     hal_track_configure            9
     ??hal_track_configure?relay    6

 
 9 bytes in segment BANKED_CODE
 6 bytes in segment BANK_RELAYS
 2 bytes in segment SFR_AN
 
 15 bytes of CODE memory
  0 bytes of DATA memory (+ 2 bytes shared)

Errors: none
Warnings: none
